###############################################################
#  Generated by:      Cadence Innovus 20.13-s083_1
#  OS:                Linux x86_64(Host ID iron-502-28)
#  Generated on:      Tue May 24 09:04:38 2022
#  Design:            top
#  Command:           verify_drc
###############################################################

SHORT: ( Out Of Die ) Regular Wire of Net sram_inst/CTS_5  ( met3 )
Bounds : ( 1080.080, 438.500 ) ( 1090.500, 438.800 )


SHORT: ( Out Of Die ) Regular Wire of Net op2_addr[1]  ( met3 )
Bounds : ( 1080.080, 123.015 ) ( 1119.250, 123.315 )


SHORT: ( Metal Short ) Regular Wire of Net op2_addr[1] & Blockage of Cell sram_inst/width_macro2_0__depth_macro2_0__sram  ( met1 )
Bounds : ( 1079.690, 123.035 ) ( 1080.010, 123.295 )


SHORT: ( Metal Short ) Regular Wire of Net op2_addr[1] & Blockage of Cell sram_inst/width_macro2_0__depth_macro2_0__sram  ( met2 )
Bounds : ( 1079.710, 122.980 ) ( 1079.990, 123.350 )


SHORT: ( Metal Short ) Regular Wire of Net op2_addr[1] & Blockage of Cell sram_inst/width_macro2_0__depth_macro2_0__sram  ( met3 )
Bounds : ( 1079.685, 123.000 ) ( 1080.015, 123.330 )


SHORT: ( Metal Short ) Regular Wire of Net op2_addr[1] & Blockage of Cell sram_inst/width_macro2_0__depth_macro2_0__sram  ( met3 )
Bounds : ( 1079.685, 123.015 ) ( 1118.120, 123.315 )


SHORT: ( Out Of Die ) Regular Wire of Net op2_addr[3]  ( met5 )
Bounds : ( 1080.080, 107.390 ) ( 1080.535, 108.990 )


SHORT: ( Out Of Die ) Regular Wire of Net op2_addr[2]  ( met4 )
Bounds : ( 1080.080, 114.840 ) ( 1119.400, 115.140 )


SHORT: ( Out Of Die ) Regular Wire of Net op2_addr[2]  ( met4 )
Bounds : ( 1080.080, 114.400 ) ( 1080.325, 115.580 )


SHORT: ( Out Of Die ) Regular Wire of Net op2_addr[3]  ( met4 )
Bounds : ( 1080.080, 108.040 ) ( 1119.400, 108.340 )


SHORT: ( Out Of Die ) Regular Wire of Net op2_addr[3]  ( met4 )
Bounds : ( 1080.080, 107.600 ) ( 1080.325, 108.780 )


SHORT: ( Out Of Die ) Regular Wire of Net op2_addr[2]  ( met5 )
Bounds : ( 1080.080, 114.190 ) ( 1080.535, 115.790 )


SHORT: ( Metal Short ) Regular Wire of Net op2_addr[3] & Blockage of Cell sram_inst/width_macro2_0__depth_macro2_0__sram  ( met4 )
Bounds : ( 1079.145, 107.600 ) ( 1080.325, 108.780 )


SHORT: ( Metal Short ) Regular Wire of Net op2_addr[3] & Blockage of Cell sram_inst/width_macro2_0__depth_macro2_0__sram  ( met4 )
Bounds : ( 1079.145, 108.040 ) ( 1112.680, 108.340 )


SHORT: ( Metal Short ) Regular Wire of Net op2_addr[2] & Blockage of Cell sram_inst/width_macro2_0__depth_macro2_0__sram  ( met4 )
Bounds : ( 1079.145, 114.400 ) ( 1080.325, 115.580 )


SHORT: ( Metal Short ) Regular Wire of Net op2_addr[2] & Blockage of Cell sram_inst/width_macro2_0__depth_macro2_0__sram  ( met4 )
Bounds : ( 1079.145, 114.840 ) ( 1112.680, 115.140 )


SHORT: ( Out Of Die ) Regular Wire of Net sram_inst/n_8_net_  ( met5 )
Bounds : ( 1080.080, 423.210 ) ( 1120.050, 424.810 )


  Total Violations : 17 Viols.
